1612125083.824977 client started (31562): version 3.1c, socket /tmp//tmux-501/default, protocol 8
1612125083.825041 on Darwin 20.2.0 Darwin Kernel Version 20.2.0: Wed Dec  2 20:39:59 PST 2020; root:xnu-7195.60.75~1/RELEASE_X86_64; libevent 2.1.12-stable (select)
1612125083.825100 socket is /tmp//tmux-501/default
1612125083.825129 trying connect
1612125083.825178 connect failed: No such file or directory
1612125083.825265 lock file is /tmp//tmux-501/default.lock
1612125083.825392 flock succeeded
1612125083.825408 got lock (6)
1612125083.825421 trying connect
1612125083.825448 connect failed: No such file or directory
1612125083.825884 add peer 0x7ff81cd31000: 7 (0x0)
1612125083.827701 sending message 100 to peer 0x7ff81cd31000 (4 bytes)
1612125083.827733 sending message 101 to peer 0x7ff81cd31000 (15 bytes)
1612125083.827746 sending message 102 to peer 0x7ff81cd31000 (13 bytes)
1612125083.827757 sending message 108 to peer 0x7ff81cd31000 (26 bytes)
1612125083.827780 sending message 104 to peer 0x7ff81cd31000 (0 bytes)
1612125083.827793 sending message 107 to peer 0x7ff81cd31000 (4 bytes)
1612125083.827802 sending message 105 to peer 0x7ff81cd31000 (20 bytes)
1612125083.827812 sending message 105 to peer 0x7ff81cd31000 (15 bytes)
1612125083.827822 sending message 105 to peer 0x7ff81cd31000 (57 bytes)
1612125083.827833 sending message 105 to peer 0x7ff81cd31000 (11 bytes)
1612125083.827842 sending message 105 to peer 0x7ff81cd31000 (22 bytes)
1612125083.827853 sending message 105 to peer 0x7ff81cd31000 (66 bytes)
1612125083.827865 sending message 105 to peer 0x7ff81cd31000 (83 bytes)
1612125083.827877 sending message 105 to peer 0x7ff81cd31000 (34 bytes)
1612125083.827889 sending message 105 to peer 0x7ff81cd31000 (360 bytes)
1612125083.827901 sending message 105 to peer 0x7ff81cd31000 (34 bytes)
1612125083.827941 sending message 105 to peer 0x7ff81cd31000 (30 bytes)
1612125083.827953 sending message 105 to peer 0x7ff81cd31000 (14 bytes)
1612125083.827966 sending message 105 to peer 0x7ff81cd31000 (19 bytes)
1612125083.827978 sending message 105 to peer 0x7ff81cd31000 (8 bytes)
1612125083.827991 sending message 105 to peer 0x7ff81cd31000 (18 bytes)
1612125083.828010 sending message 105 to peer 0x7ff81cd31000 (14 bytes)
1612125083.828023 sending message 105 to peer 0x7ff81cd31000 (15 bytes)
1612125083.828035 sending message 105 to peer 0x7ff81cd31000 (20 bytes)
1612125083.828046 sending message 105 to peer 0x7ff81cd31000 (20 bytes)
1612125083.828058 sending message 105 to peer 0x7ff81cd31000 (28 bytes)
1612125083.828077 sending message 105 to peer 0x7ff81cd31000 (24 bytes)
1612125083.828095 sending message 105 to peer 0x7ff81cd31000 (19 bytes)
1612125083.828104 sending message 105 to peer 0x7ff81cd31000 (46 bytes)
1612125083.828114 sending message 105 to peer 0x7ff81cd31000 (50 bytes)
1612125083.828124 sending message 105 to peer 0x7ff81cd31000 (43 bytes)
1612125083.828133 sending message 105 to peer 0x7ff81cd31000 (19 bytes)
1612125083.828143 sending message 105 to peer 0x7ff81cd31000 (17 bytes)
1612125083.828153 sending message 105 to peer 0x7ff81cd31000 (18 bytes)
1612125083.828163 sending message 105 to peer 0x7ff81cd31000 (11 bytes)
1612125083.828172 sending message 105 to peer 0x7ff81cd31000 (8 bytes)
1612125083.828182 sending message 105 to peer 0x7ff81cd31000 (32 bytes)
1612125083.828191 sending message 105 to peer 0x7ff81cd31000 (31 bytes)
1612125083.828202 sending message 105 to peer 0x7ff81cd31000 (10 bytes)
1612125083.828211 sending message 105 to peer 0x7ff81cd31000 (579 bytes)
1612125083.828222 sending message 105 to peer 0x7ff81cd31000 (31 bytes)
1612125083.828230 sending message 105 to peer 0x7ff81cd31000 (17 bytes)
1612125083.828239 sending message 105 to peer 0x7ff81cd31000 (21 bytes)
1612125083.828249 sending message 105 to peer 0x7ff81cd31000 (46 bytes)
1612125083.828258 sending message 105 to peer 0x7ff81cd31000 (48 bytes)
1612125083.828267 sending message 105 to peer 0x7ff81cd31000 (21 bytes)
1612125083.828277 sending message 105 to peer 0x7ff81cd31000 (47 bytes)
1612125083.828287 sending message 105 to peer 0x7ff81cd31000 (29 bytes)
1612125083.828311 sending message 105 to peer 0x7ff81cd31000 (29 bytes)
1612125083.828320 sending message 105 to peer 0x7ff81cd31000 (34 bytes)
1612125083.828327 sending message 105 to peer 0x7ff81cd31000 (42 bytes)
1612125083.828335 sending message 105 to peer 0x7ff81cd31000 (38 bytes)
1612125083.828342 sending message 105 to peer 0x7ff81cd31000 (21 bytes)
1612125083.828350 sending message 105 to peer 0x7ff81cd31000 (42 bytes)
1612125083.828357 sending message 105 to peer 0x7ff81cd31000 (38 bytes)
1612125083.828363 sending message 105 to peer 0x7ff81cd31000 (35 bytes)
1612125083.828368 sending message 105 to peer 0x7ff81cd31000 (48 bytes)
1612125083.828375 sending message 105 to peer 0x7ff81cd31000 (25 bytes)
1612125083.828381 sending message 105 to peer 0x7ff81cd31000 (17 bytes)
1612125083.828389 sending message 105 to peer 0x7ff81cd31000 (19 bytes)
1612125083.828396 sending message 105 to peer 0x7ff81cd31000 (30 bytes)
1612125083.828403 sending message 105 to peer 0x7ff81cd31000 (22 bytes)
1612125083.828409 sending message 106 to peer 0x7ff81cd31000 (0 bytes)
1612125083.828420 sending message 200 to peer 0x7ff81cd31000 (4 bytes)
1612125083.828427 client loop enter
1612125083.895068 peer 0x7ff81cd31000 message 207
1612125083.895090 sending message 208 to peer 0x7ff81cd31000 (0 bytes)
1612125088.178362 peer 0x7ff81cd31000 message 203
1612125088.178406 sending message 205 to peer 0x7ff81cd31000 (0 bytes)
1612125088.178701 peer 0x7ff81cd31000 message 204
1612125088.178725 client loop exit
